Unable to capture context for thread 4588 in process 3908, can not generate back trace
Exception at PC 0x000007FEBF7ABB93
Printing stacktrace...

[0]  [0x000007FEBF7ABB93]
[1]  [0x000007FEBF7ABB93]
[2]  [0x000007FEBF7AB4A1]
[3]  [0x000007FEBF7AB3EF]
[4]  [0x000007FEBF7919FE]
[5]  [0x000007FEBF790ED1]
[6]  [0x000007FEBF790D76]
[7]  [0x000007FEBF7379F6]
[8]  [0x000007FEBF727AFB]
[9]  [0x000007FEBF84E90A]
[10]  [0x000007FEBF869F87]
[11]  [0x000007FEBF86A05F]
[12] (BaseThreadInitThunk+0xd) [0x00000000776559CD]
[13] (RtlUserThreadStart+0x21) [0x000000007788A561]
Done
Exception at PC 0x000007FEBF4B1A52
Attemped to write at address 0x000007FEF0C0ABA4
Printing stacktrace...

[0]  [0x000007FEBF4B1A52]
[1]  [0x000007FEBF4B1A52]
[2]  [0x000007FEBF4B1AD4]
[3]  [0x000007FEBF5F3FF7]
[4]  [0x000007FEBF4D9128]
[5]  [0x000007FEBF78DFB9]
[6]  [0x000007FEBF95EF23]
[7]  [0x000007FEBF86B06B]
[8]  [0x000007FEBF8608AF]
[9]  [0x000007FEBF860A32]
[10] (LdrShutdownProcess+0x1d1) [0x0000000077882AC1]
[11] (RtlExitUserProcess+0x90) [0x00000000778828D0]
[12] (wcstoui64+0x2fa) [0x000007FEFEB699E2]
[13]  [0x00000000004014CD]
[14]  [0x000000000040151B]
[15] (BaseThreadInitThunk+0xd) [0x00000000776559CD]
[16] (RtlUserThreadStart+0x21) [0x000000007788A561]
Done
