
*** Running vivado
    with args -log clk_12MHz.vds -m64 -product Vivado -mode batch -messageDb vivado.pb -notrace -source clk_12MHz.tcl


****** Vivado v2017.2 (64-bit)
  **** SW Build 1909853 on Thu Jun 15 18:39:09 MDT 2017
  **** IP Build 1909766 on Thu Jun 15 19:58:00 MDT 2017
    ** Copyright 1986-2017 Xilinx, Inc. All Rights Reserved.

source clk_12MHz.tcl -notrace
Starting RTL Elaboration : Time (s): cpu = 00:00:03 ; elapsed = 00:00:04 . Memory (MB): peak = 334.453 ; gain = 80.480
INFO: [Synth 8-638] synthesizing module 'clk_12MHz' [e:/DSED_Grupo6/Proyecto/dsed_audio/dsed_audio.srcs/sources_1/ip/clk_12MHz/clk_12MHz.v:70]
INFO: [Synth 8-638] synthesizing module 'clk_12MHz_clk_wiz' [e:/DSED_Grupo6/Proyecto/dsed_audio/dsed_audio.srcs/sources_1/ip/clk_12MHz/clk_12MHz_clk_wiz.v:68]
INFO: [Synth 8-638] synthesizing module 'IBUF' [C:/Xilinx/Vivado/2017.2/scripts/rt/data/unisim_comp.v:14470]
INFO: [Synth 8-256] done synthesizing module 'IBUF' (1#1) [C:/Xilinx/Vivado/2017.2/scripts/rt/data/unisim_comp.v:14470]
INFO: [Synth 8-638] synthesizing module 'MMCME2_ADV' [C:/Xilinx/Vivado/2017.2/scripts/rt/data/unisim_comp.v:20759]
INFO: [Synth 8-256] done synthesizing module 'MMCME2_ADV' (2#1) [C:/Xilinx/Vivado/2017.2/scripts/rt/data/unisim_comp.v:20759]
INFO: [Synth 8-638] synthesizing module 'BUFG' [C:/Xilinx/Vivado/2017.2/scripts/rt/data/unisim_comp.v:607]
INFO: [Synth 8-256] done synthesizing module 'BUFG' (3#1) [C:/Xilinx/Vivado/2017.2/scripts/rt/data/unisim_comp.v:607]
INFO: [Synth 8-256] done synthesizing module 'clk_12MHz_clk_wiz' (4#1) [e:/DSED_Grupo6/Proyecto/dsed_audio/dsed_audio.srcs/sources_1/ip/clk_12MHz/clk_12MHz_clk_wiz.v:68]
INFO: [Synth 8-256] done synthesizing module 'clk_12MHz' (5#1) [e:/DSED_Grupo6/Proyecto/dsed_audio/dsed_audio.srcs/sources_1/ip/clk_12MHz/clk_12MHz.v:70]
Finished RTL Elaboration : Time (s): cpu = 00:00:04 ; elapsed = 00:00:07 . Memory (MB): peak = 373.965 ; gain = 119.992
Finished RTL Optimization Phase 1 : Time (s): cpu = 00:00:05 ; elapsed = 00:00:08 . Memory (MB): peak = 373.965 ; gain = 119.992
INFO: [Device 21-403] Loading part xc7a100tcsg324-1
Constraint Validation Runtime : Time (s): cpu = 00:00:00 ; elapsed = 00:00:00.089 . Memory (MB): peak = 597.109 ; gain = 0.000
Finished Constraint Validation : Time (s): cpu = 00:00:15 ; elapsed = 00:00:32 . Memory (MB): peak = 597.109 ; gain = 343.137
Finished Loading Part and Timing Information : Time (s): cpu = 00:00:15 ; elapsed = 00:00:32 . Memory (MB): peak = 597.109 ; gain = 343.137
Finished applying 'set_property' XDC Constraints : Time (s): cpu = 00:00:15 ; elapsed = 00:00:32 . Memory (MB): peak = 597.109 ; gain = 343.137
Finished RTL Optimization Phase 2 : Time (s): cpu = 00:00:15 ; elapsed = 00:00:32 . Memory (MB): peak = 597.109 ; gain = 343.137
Finished Cross Boundary and Area Optimization : Time (s): cpu = 00:00:15 ; elapsed = 00:00:32 . Memory (MB): peak = 597.109 ; gain = 343.137
Finished Applying XDC Timing Constraints : Time (s): cpu = 00:00:27 ; elapsed = 00:00:44 . Memory (MB): peak = 619.797 ; gain = 365.824
Finished Timing Optimization : Time (s): cpu = 00:00:27 ; elapsed = 00:00:44 . Memory (MB): peak = 619.797 ; gain = 365.824
Finished Technology Mapping : Time (s): cpu = 00:00:27 ; elapsed = 00:00:44 . Memory (MB): peak = 629.938 ; gain = 375.965
Finished IO Insertion : Time (s): cpu = 00:00:28 ; elapsed = 00:00:44 . Memory (MB): peak = 629.938 ; gain = 375.965
Finished Renaming Generated Instances : Time (s): cpu = 00:00:28 ; elapsed = 00:00:44 . Memory (MB): peak = 629.938 ; gain = 375.965
Finished Rebuilding User Hierarchy : Time (s): cpu = 00:00:28 ; elapsed = 00:00:44 . Memory (MB): peak = 629.938 ; gain = 375.965
Finished Renaming Generated Ports : Time (s): cpu = 00:00:28 ; elapsed = 00:00:44 . Memory (MB): peak = 629.938 ; gain = 375.965
Finished Handling Custom Attributes : Time (s): cpu = 00:00:28 ; elapsed = 00:00:44 . Memory (MB): peak = 629.938 ; gain = 375.965
Finished Renaming Generated Nets : Time (s): cpu = 00:00:28 ; elapsed = 00:00:44 . Memory (MB): peak = 629.938 ; gain = 375.965

Report Cell Usage: 
+------+-----------+------+
|      |Cell       |Count |
+------+-----------+------+
|1     |BUFG       |     2|
|2     |MMCME2_ADV |     1|
|3     |IBUF       |     1|
+------+-----------+------+
Finished Writing Synthesis Report : Time (s): cpu = 00:00:28 ; elapsed = 00:00:44 . Memory (MB): peak = 629.938 ; gain = 375.965
synth_design: Time (s): cpu = 00:00:30 ; elapsed = 00:00:50 . Memory (MB): peak = 643.461 ; gain = 391.113
