
*** Running vivado
    with args -log RAM.vds -m64 -product Vivado -mode batch -messageDb vivado.pb -notrace -source RAM.tcl


****** Vivado v2017.2 (64-bit)
  **** SW Build 1909853 on Thu Jun 15 18:39:09 MDT 2017
  **** IP Build 1909766 on Thu Jun 15 19:58:00 MDT 2017
    ** Copyright 1986-2017 Xilinx, Inc. All Rights Reserved.

source RAM.tcl -notrace
Starting RTL Elaboration : Time (s): cpu = 00:00:06 ; elapsed = 00:00:06 . Memory (MB): peak = 335.109 ; gain = 82.355
INFO: [Synth 8-638] synthesizing module 'RAM' [e:/DSED_Grupo6/Proyecto/dsed_audio/dsed_audio.srcs/sources_1/ip/RAM/synth/RAM.vhd:70]
INFO: [Synth 8-256] done synthesizing module 'RAM' (11#1) [e:/DSED_Grupo6/Proyecto/dsed_audio/dsed_audio.srcs/sources_1/ip/RAM/synth/RAM.vhd:70]
Finished RTL Elaboration : Time (s): cpu = 00:01:42 ; elapsed = 00:02:08 . Memory (MB): peak = 556.156 ; gain = 303.402
Finished RTL Optimization Phase 1 : Time (s): cpu = 00:01:42 ; elapsed = 00:02:34 . Memory (MB): peak = 556.156 ; gain = 303.402
INFO: [Device 21-403] Loading part xc7a100tcsg324-1
Constraint Validation Runtime : Time (s): cpu = 00:00:00 ; elapsed = 00:00:00.071 . Memory (MB): peak = 725.863 ; gain = 0.000
Finished Constraint Validation : Time (s): cpu = 00:01:55 ; elapsed = 00:03:24 . Memory (MB): peak = 725.863 ; gain = 473.109
Finished Loading Part and Timing Information : Time (s): cpu = 00:01:55 ; elapsed = 00:03:24 . Memory (MB): peak = 725.863 ; gain = 473.109
Finished applying 'set_property' XDC Constraints : Time (s): cpu = 00:01:55 ; elapsed = 00:03:24 . Memory (MB): peak = 725.863 ; gain = 473.109
Finished RTL Optimization Phase 2 : Time (s): cpu = 00:01:57 ; elapsed = 00:03:26 . Memory (MB): peak = 725.863 ; gain = 473.109
Finished Cross Boundary and Area Optimization : Time (s): cpu = 00:01:58 ; elapsed = 00:03:28 . Memory (MB): peak = 725.863 ; gain = 473.109
Finished Applying XDC Timing Constraints : Time (s): cpu = 00:02:10 ; elapsed = 00:03:40 . Memory (MB): peak = 725.863 ; gain = 473.109
Finished Timing Optimization : Time (s): cpu = 00:02:11 ; elapsed = 00:03:40 . Memory (MB): peak = 725.863 ; gain = 473.109
Finished Technology Mapping : Time (s): cpu = 00:02:11 ; elapsed = 00:03:40 . Memory (MB): peak = 725.863 ; gain = 473.109
Finished IO Insertion : Time (s): cpu = 00:02:11 ; elapsed = 00:03:41 . Memory (MB): peak = 725.863 ; gain = 473.109
Finished Renaming Generated Instances : Time (s): cpu = 00:02:11 ; elapsed = 00:03:41 . Memory (MB): peak = 725.863 ; gain = 473.109
Finished Rebuilding User Hierarchy : Time (s): cpu = 00:02:12 ; elapsed = 00:03:41 . Memory (MB): peak = 725.863 ; gain = 473.109
Finished Renaming Generated Ports : Time (s): cpu = 00:02:12 ; elapsed = 00:03:41 . Memory (MB): peak = 725.863 ; gain = 473.109
Finished Handling Custom Attributes : Time (s): cpu = 00:02:12 ; elapsed = 00:03:41 . Memory (MB): peak = 725.863 ; gain = 473.109
Finished Renaming Generated Nets : Time (s): cpu = 00:02:12 ; elapsed = 00:03:41 . Memory (MB): peak = 725.863 ; gain = 473.109

Report Cell Usage: 
+------+-----------+------+
|      |Cell       |Count |
+------+-----------+------+
|1     |LUT4       |     8|
|2     |LUT6       |    16|
|3     |MUXF7      |     8|
|4     |RAMB36E1   |    64|
|5     |RAMB36E1_1 |    64|
|6     |FDRE       |     6|
+------+-----------+------+
Finished Writing Synthesis Report : Time (s): cpu = 00:02:12 ; elapsed = 00:03:41 . Memory (MB): peak = 725.863 ; gain = 473.109
synth_design: Time (s): cpu = 00:02:15 ; elapsed = 00:03:49 . Memory (MB): peak = 725.863 ; gain = 473.293
write_checkpoint: Time (s): cpu = 00:00:00 ; elapsed = 00:00:20 . Memory (MB): peak = 725.863 ; gain = 0.000
write_verilog: Time (s): cpu = 00:00:01 ; elapsed = 00:00:07 . Memory (MB): peak = 725.863 ; gain = 0.000
write_vhdl: Time (s): cpu = 00:00:00 ; elapsed = 00:00:09 . Memory (MB): peak = 725.863 ; gain = 0.000
config_ip_cache: Time (s): cpu = 00:00:00 ; elapsed = 00:00:14 . Memory (MB): peak = 725.863 ; gain = 0.000
write_checkpoint: Time (s): cpu = 00:00:01 ; elapsed = 00:00:23 . Memory (MB): peak = 725.863 ; gain = 0.000
write_verilog: Time (s): cpu = 00:00:00 ; elapsed = 00:00:08 . Memory (MB): peak = 725.863 ; gain = 0.000
write_vhdl: Time (s): cpu = 00:00:00 ; elapsed = 00:00:08 . Memory (MB): peak = 725.863 ; gain = 0.000
