Vivado Simulator 2017.2
Copyright 1986-1999, 2001-2016 Xilinx, Inc. All Rights Reserved.
Running: C:/Xilinx/Vivado/2017.2/bin/unwrapped/win64.o/xelab.exe -wto e5a12f90327749669d98d25d6f88658f --debug typical --relax --mt 2 -L xil_defaultlib -L secureip -L xpm --snapshot fir_filter_tb_avanzado_behav xil_defaultlib.fir_filter_tb_avanzado -log elaborate.log 
Using 2 slave threads.
Starting static elaboration
Completed static elaboration
Starting simulation data flow analysis
Completed simulation data flow analysis
Time Resolution for simulation is 1ps
Compiling package std.standard
Compiling package std.textio
Compiling package ieee.std_logic_1164
Compiling package ieee.numeric_std
Compiling package xil_defaultlib.package_dsed
Compiling architecture behavioral of entity xil_defaultlib.mux_5in [mux_5in_default]
Compiling architecture behavioral of entity xil_defaultlib.ruta_datos [ruta_datos_default]
Compiling architecture behavioral of entity xil_defaultlib.controlador_fir [controlador_fir_default]
Compiling architecture behavioral of entity xil_defaultlib.fir_filter [fir_filter_default]
Compiling architecture behavioral of entity xil_defaultlib.fir_filter_tb_avanzado
Built simulation snapshot fir_filter_tb_avanzado_behav
